#
# A fatal error has been detected by the Java Runtime Environment:
#
#  EXCEPTION_ACCESS_VIOLATION (0xc0000005) at pc=0x63e552e8, pid=6008, tid=0x0000043c
#
# JRE version: Java(TM) SE Runtime Environment (8.0_111-b14) (build 1.8.0_111-b14)
# Java VM: Java HotSpot(TM) Client VM (25.111-b14 mixed mode windows-x86 )
# Problematic frame:
# V  [jvm.dll+0xe52e8]
#
# Failed to write core dump. Minidumps are not enabled by default on client versions of Windows
#
# If you would like to submit a bug report, please visit:
#   http://bugreport.java.com/bugreport/crash.jsp
#

---------------  T H R E A D  ---------------

Current thread (0x1686d000):  JavaThread "SwingWorker-pool-2-thread-1" daemon [_thread_in_vm, id=1084, stack(0x17d80000,0x17dd0000)]

siginfo: ExceptionCode=0xc0000005, reading address 0x00000000

Registers:
EAX=0x00000006, EBX=0x1ae5ce30, ECX=0x00000000, EDX=0x1686d140
ESP=0x17dcf168, EBP=0x17dcf18c, ESI=0x17dcf1a0, EDI=0x17dcf278
EIP=0x63e552e8, EFLAGS=0x00010246

Top of Stack: (sp=0x17dcf168)
0x17dcf168:   1686d000 00000006 17dcf1a0 1ae5ce30
0x17dcf178:   15fe7a90 0000002b 00000100 00000000
0x17dcf188:   0000000b 17dcf278 17064727 1686d000
0x17dcf198:   00000000 00000000 1686d000 1ae5ce30
0x17dcf1a8:   1ae5ce30 cccccccc cccccccc cccccccc
0x17dcf1b8:   cccccccc cccccccc cccccccc cccccccc
0x17dcf1c8:   cccccccc cccccccc cccccccc cccccccc
0x17dcf1d8:   cccccccc cccccccc cccccccc cccccccc 

Instructions: (pc=0x63e552e8)
0x63e552c8:   94 2a 09 00 c7 45 08 00 00 00 00 eb 03 89 4d 08
0x63e552d8:   8b 45 08 53 56 6a 06 50 e8 4b 21 f2 ff 8b 4d 0c
0x63e552e8:   8b 19 8b 73 08 83 c4 08 85 f6 75 09 e8 57 02 ff
0x63e552f8:   ff 8b f0 eb 7d 8b 15 9c 99 0d 64 81 fa ff 00 00 


Register to memory mapping:

EAX=0x00000006 is an unknown value
EBX={method} {0x1ae5ce34} 'Hec_zclose' '([I)V' in 'hec/heclib/util/Heclib'
ECX=0x00000000 is an unknown value
EDX=0x1686d140 is an unknown value
ESP=0x17dcf168 is pointing into the stack for thread: 0x1686d000
EBP=0x17dcf18c is pointing into the stack for thread: 0x1686d000
ESI=0x17dcf1a0 is pointing into the stack for thread: 0x1686d000
EDI=0x17dcf278 is pointing into the stack for thread: 0x1686d000


Stack: [0x17d80000,0x17dd0000],  sp=0x17dcf168,  free space=316k
Native frames: (J=compiled Java code, j=interpreted, Vv=VM code, C=native code)
V  [jvm.dll+0xe52e8]
C  [javaHeclib.dll+0x104727]
j  hec.heclib.util.Heclib.Hec_zclose([I)V+0
j  hec.heclib.util.Heclib.zclose([I)V+1
j  vista.db.dss.DSSUtil.closeDSSFile([I)V+1
j  vista.db.dss.DSSDataReader.close()V+4
j  vista.db.dss.DSSRemoteClientImpl.getCatalog(Ljava/lang/String;Z)[Ljava/lang/String;+149
j  vista.db.dss.DSSUtil.createCatalogReader(Ljava/lang/String;Ljava/lang/String;Z)Lvista/db/dss/DSSCatalogReader;+19
j  vista.db.dss.DSSGroup.getInitializedGroup()Lvista/set/Group;+35
j  vista.set.GroupProxy.initializeGroup()V+1
j  vista.set.GroupProxy.getNumberOfDataReferences()I+8
j  calsim.app.AppUtils.openDSSFile(Ljava/lang/String;)Lvista/set/Group;+15
j  calsim.app.Project.getDVGroup()Lvista/set/Group;+22
j  calsim.app.Project.setDVHashtable()V+1
j  gov.ca.water.calgui.results.WRIMSGUILinks.updateProjectFiles(Ljavax/swing/JList;)V+74
j  gov.ca.water.calgui.results.FileDialog$MyListDataListener.intervalAdded(Ljavax/swing/event/ListDataEvent;)V+85
j  javax.swing.AbstractListModel.fireIntervalAdded(Ljava/lang/Object;II)V+64
j  javax.swing.DefaultListModel.addElement(Ljava/lang/Object;)V+20
j  gov.ca.water.calgui.results.FileDialog.addFileToList(Ljava/io/File;)V+75
j  gov.ca.water.calgui.presentation.ProgressFrame$1.doInBackground()Ljava/lang/Void;+508
j  gov.ca.water.calgui.presentation.ProgressFrame$1.doInBackground()Ljava/lang/Object;+1
j  javax.swing.SwingWorker$1.call()Ljava/lang/Object;+14
j  java.util.concurrent.FutureTask.run()V+42
j  javax.swing.SwingWorker.run()V+4
j  java.util.concurrent.ThreadPoolExecutor.runWorker(Ljava/util/concurrent/ThreadPoolExecutor$Worker;)V+95
j  java.util.concurrent.ThreadPoolExecutor$Worker.run()V+5
j  java.lang.Thread.run()V+11
v  ~StubRoutines::call_stub
V  [jvm.dll+0x15a895]
V  [jvm.dll+0x220bfe]
V  [jvm.dll+0x15a92e]
V  [jvm.dll+0x15aab6]
V  [jvm.dll+0x15ab27]
V  [jvm.dll+0xfef8f]
V  [jvm.dll+0x17d6f0]
V  [jvm.dll+0x17df6a]
V  [jvm.dll+0x1c29c6]
C  [msvcr100.dll+0x5c556]
C  [msvcr100.dll+0x5c600]
C  [KERNEL32.DLL+0x162c4]
C  [ntdll.dll+0x60609]
C  [ntdll.dll+0x605d4]
C  0x00000000

Java frames: (J=compiled Java code, j=interpreted, Vv=VM code)
j  hec.heclib.util.Heclib.Hec_zclose([I)V+0
j  hec.heclib.util.Heclib.zclose([I)V+1
j  vista.db.dss.DSSUtil.closeDSSFile([I)V+1
j  vista.db.dss.DSSDataReader.close()V+4
j  vista.db.dss.DSSRemoteClientImpl.getCatalog(Ljava/lang/String;Z)[Ljava/lang/String;+149
j  vista.db.dss.DSSUtil.createCatalogReader(Ljava/lang/String;Ljava/lang/String;Z)Lvista/db/dss/DSSCatalogReader;+19
j  vista.db.dss.DSSGroup.getInitializedGroup()Lvista/set/Group;+35
j  vista.set.GroupProxy.initializeGroup()V+1
j  vista.set.GroupProxy.getNumberOfDataReferences()I+8
j  calsim.app.AppUtils.openDSSFile(Ljava/lang/String;)Lvista/set/Group;+15
j  calsim.app.Project.getDVGroup()Lvista/set/Group;+22
j  calsim.app.Project.setDVHashtable()V+1
j  gov.ca.water.calgui.results.WRIMSGUILinks.updateProjectFiles(Ljavax/swing/JList;)V+74
j  gov.ca.water.calgui.results.FileDialog$MyListDataListener.intervalAdded(Ljavax/swing/event/ListDataEvent;)V+85
j  javax.swing.AbstractListModel.fireIntervalAdded(Ljava/lang/Object;II)V+64
j  javax.swing.DefaultListModel.addElement(Ljava/lang/Object;)V+20
j  gov.ca.water.calgui.results.FileDialog.addFileToList(Ljava/io/File;)V+75
j  gov.ca.water.calgui.presentation.ProgressFrame$1.doInBackground()Ljava/lang/Void;+508
j  gov.ca.water.calgui.presentation.ProgressFrame$1.doInBackground()Ljava/lang/Object;+1
j  javax.swing.SwingWorker$1.call()Ljava/lang/Object;+14
j  java.util.concurrent.FutureTask.run()V+42
j  javax.swing.SwingWorker.run()V+4
j  java.util.concurrent.ThreadPoolExecutor.runWorker(Ljava/util/concurrent/ThreadPoolExecutor$Worker;)V+95
j  java.util.concurrent.ThreadPoolExecutor$Worker.run()V+5
j  java.lang.Thread.run()V+11
v  ~StubRoutines::call_stub

---------------  P R O C E S S  ---------------

Java Threads: ( => current thread )
  0x16869800 JavaThread "GC Daemon" daemon [_thread_blocked, id=5500, stack(0x16f10000,0x16f60000)]
  0x1686b000 JavaThread "RMI Reaper" [_thread_blocked, id=6480, stack(0x01010000,0x01060000)]
  0x1686bc00 JavaThread "RMI TCP Accept-0" daemon [_thread_in_native, id=304, stack(0x00f40000,0x00f90000)]
=>0x1686d000 JavaThread "SwingWorker-pool-2-thread-1" daemon [_thread_in_vm, id=1084, stack(0x17d80000,0x17dd0000)]
  0x1686ac00 JavaThread "Timer-1" daemon [_thread_blocked, id=5860, stack(0x196f0000,0x19740000)]
  0x1686b800 JavaThread "RunnableQueue-1" daemon [_thread_blocked, id=4880, stack(0x1a970000,0x1a9c0000)]
  0x16611400 JavaThread "Timer-0" daemon [_thread_blocked, id=5600, stack(0x1a850000,0x1a8a0000)]
  0x16610400 JavaThread "RunnableQueue-0" daemon [_thread_blocked, id=1976, stack(0x18af0000,0x18b40000)]
  0x16613400 JavaThread "TimerQueue" daemon [_thread_blocked, id=6192, stack(0x19660000,0x196b0000)]
  0x16611000 JavaThread "DestroyJavaVM" [_thread_blocked, id=2232, stack(0x01130000,0x01180000)]
  0x16612800 JavaThread "Batik CleanerThread" daemon [_thread_blocked, id=4432, stack(0x193c0000,0x19410000)]
  0x16612000 JavaThread "Batik CleanerThread" daemon [_thread_blocked, id=5176, stack(0x19330000,0x19380000)]
  0x165e5400 JavaThread "Swing-Shell" daemon [_thread_blocked, id=1144, stack(0x18040000,0x18090000)]
  0x16355800 JavaThread "AWT-EventQueue-0" [_thread_blocked, id=5204, stack(0x17cf0000,0x17d40000)]
  0x162d3800 JavaThread "AWT-Windows" daemon [_thread_in_native, id=460, stack(0x16db0000,0x16e00000)]
  0x162d3000 JavaThread "AWT-Shutdown" [_thread_blocked, id=3268, stack(0x16d20000,0x16d70000)]
  0x162d0800 JavaThread "Java2D Disposer" daemon [_thread_blocked, id=5200, stack(0x16c90000,0x16ce0000)]
  0x150c6800 JavaThread "Service Thread" daemon [_thread_blocked, id=7764, stack(0x15b50000,0x15ba0000)]
  0x150a4000 JavaThread "C1 CompilerThread0" daemon [_thread_blocked, id=7128, stack(0x15ac0000,0x15b10000)]
  0x1509cc00 JavaThread "JDWP Command Reader" daemon [_thread_in_native, id=4796, stack(0x15a30000,0x15a80000)]
  0x15097c00 JavaThread "JDWP Event Helper Thread" daemon [_thread_blocked, id=3860, stack(0x159a0000,0x159f0000)]
  0x15096800 JavaThread "JDWP Transport Listener: dt_socket" daemon [_thread_blocked, id=3152, stack(0x15910000,0x15960000)]
  0x15086800 JavaThread "Attach Listener" daemon [_thread_blocked, id=2860, stack(0x15540000,0x15590000)]
  0x15084c00 JavaThread "Signal Dispatcher" daemon [_thread_blocked, id=4692, stack(0x154b0000,0x15500000)]
  0x1507b800 JavaThread "Finalizer" daemon [_thread_blocked, id=2188, stack(0x15330000,0x15380000)]
  0x15065c00 JavaThread "Reference Handler" daemon [_thread_blocked, id=5216, stack(0x152a0000,0x152f0000)]

Other Threads:
  0x029fe400 VMThread [stack: 0x04b90000,0x04be0000] [id=2900]
  0x150e2c00 WatcherThread [stack: 0x15be0000,0x15c30000] [id=2120]

VM state:not at safepoint (normal execution)

VM Mutex/Monitor currently owned by a thread: None

Heap:
 def new generation   total 50816K, used 17347K [0x04c00000, 0x08320000, 0x0a150000)
  eden space 45184K,  31% used [0x04c00000, 0x05a0f460, 0x07820000)
  from space 5632K,  52% used [0x07da0000, 0x08081a50, 0x08320000)
  to   space 5632K,   0% used [0x07820000, 0x07820000, 0x07da0000)
 tenured generation   total 112736K, used 93940K [0x0a150000, 0x10f68000, 0x14c00000)
   the space 112736K,  83% used [0x0a150000, 0x0fd0d2e8, 0x0fd0d400, 0x10f68000)
 Metaspace       used 17252K, capacity 17577K, committed 17664K, reserved 17792K

Card table byte_map: [0x04b00000,0x04b90000] byte_map_base: 0x04ada000

Polling page: 0x010e0000

CodeCache: size=32768Kb used=5063Kb max_used=6501Kb free=27705Kb
 bounds [0x02a80000, 0x030e0000, 0x04a80000]
 total_blobs=2906 nmethods=2628 adapters=214
 compilation: enabled

Compilation events (10 events):
Event: 1806.222 Thread 0x150a4000 3881             java.io.DataOutputStream::writeUTF (435 bytes)
Event: 1806.224 Thread 0x150a4000 nmethod 3881 0x02bf9388 code [0x02bf9570, 0x02bf9f9c]
Event: 1806.224 Thread 0x150a4000 3882             java.io.ByteArrayOutputStream::ensureCapacity (16 bytes)
Event: 1806.224 Thread 0x150a4000 nmethod 3882 0x02c0ffc8 code [0x02c100d0, 0x02c1018c]
Event: 1806.224 Thread 0x150a4000 3883             java.io.DataOutputStream::incCount (20 bytes)
Event: 1806.224 Thread 0x150a4000 nmethod 3883 0x02c0fe08 code [0x02c0ff00, 0x02c0ff90]
Event: 1806.224 Thread 0x150a4000 3884  s          java.io.ByteArrayOutputStream::write (32 bytes)
Event: 1806.224 Thread 0x150a4000 nmethod 3884 0x02c0f988 code [0x02c0fa90, 0x02c0fcbc]
Event: 1806.249 Thread 0x150a4000 3885             java.util.HashMap::putVal (300 bytes)
Event: 1806.250 Thread 0x150a4000 nmethod 3885 0x02b77e88 code [0x02b78030, 0x02b78518]

GC Heap History (10 events):
Event: 6.512 GC heap before
{Heap before GC invocations=23 (full 4):
 def new generation   total 50816K, used 45184K [0x04c00000, 0x08320000, 0x0a150000)
  eden space 45184K, 100% used [0x04c00000, 0x07820000, 0x07820000)
  from space 5632K,   0% used [0x07820000, 0x07820000, 0x07da0000)
  to   space 5632K,   0% used [0x07da0000, 0x07da0000, 0x08320000)
 tenured generation   total 112736K, used 67639K [0x0a150000, 0x10f68000, 0x14c00000)
   the space 112736K,  59% used [0x0a150000, 0x0e35ded8, 0x0e35e000, 0x10f68000)
 Metaspace       used 15878K, capacity 16171K, committed 16256K, reserved 16768K
Event: 6.536 GC heap after
Heap after GC invocations=24 (full 4):
 def new generation   total 50816K, used 5632K [0x04c00000, 0x08320000, 0x0a150000)
  eden space 45184K,   0% used [0x04c00000, 0x04c00000, 0x07820000)
  from space 5632K, 100% used [0x07da0000, 0x08320000, 0x08320000)
  to   space 5632K,   0% used [0x07820000, 0x07820000, 0x07da0000)
 tenured generation   total 112736K, used 70949K [0x0a150000, 0x10f68000, 0x14c00000)
   the space 112736K,  62% used [0x0a150000, 0x0e699490, 0x0e699600, 0x10f68000)
 Metaspace       used 15878K, capacity 16171K, committed 16256K, reserved 16768K
}
Event: 6.758 GC heap before
{Heap before GC invocations=24 (full 4):
 def new generation   total 50816K, used 50816K [0x04c00000, 0x08320000, 0x0a150000)
  eden space 45184K, 100% used [0x04c00000, 0x07820000, 0x07820000)
  from space 5632K, 100% used [0x07da0000, 0x08320000, 0x08320000)
  to   space 5632K,   0% used [0x07820000, 0x07820000, 0x07da0000)
 tenured generation   total 112736K, used 70949K [0x0a150000, 0x10f68000, 0x14c00000)
   the space 112736K,  62% used [0x0a150000, 0x0e699490, 0x0e699600, 0x10f68000)
 Metaspace       used 15887K, capacity 16203K, committed 16256K, reserved 16768K
Event: 6.787 GC heap after
Heap after GC invocations=25 (full 4):
 def new generation   total 50816K, used 5631K [0x04c00000, 0x08320000, 0x0a150000)
  eden space 45184K,   0% used [0x04c00000, 0x04c00000, 0x07820000)
  from space 5632K,  99% used [0x07820000, 0x07d9fff8, 0x07da0000)
  to   space 5632K,   0% used [0x07da0000, 0x07da0000, 0x08320000)
 tenured generation   total 112736K, used 78671K [0x0a150000, 0x10f68000, 0x14c00000)
   the space 112736K,  69% used [0x0a150000, 0x0ee23fe0, 0x0ee24000, 0x10f68000)
 Metaspace       used 15887K, capacity 16203K, committed 16256K, reserved 16768K
}
Event: 7.071 GC heap before
{Heap before GC invocations=25 (full 4):
 def new generation   total 50816K, used 50815K [0x04c00000, 0x08320000, 0x0a150000)
  eden space 45184K, 100% used [0x04c00000, 0x07820000, 0x07820000)
  from space 5632K,  99% used [0x07820000, 0x07d9fff8, 0x07da0000)
  to   space 5632K,   0% used [0x07da0000, 0x07da0000, 0x08320000)
 tenured generation   total 112736K, used 78671K [0x0a150000, 0x10f68000, 0x14c00000)
   the space 112736K,  69% used [0x0a150000, 0x0ee23fe0, 0x0ee24000, 0x10f68000)
 Metaspace       used 15996K, capacity 16299K, committed 16384K, reserved 16768K
Event: 7.095 GC heap after
Heap after GC invocations=26 (full 4):
 def new generation   total 50816K, used 5632K [0x04c00000, 0x08320000, 0x0a150000)
  eden space 45184K,   0% used [0x04c00000, 0x04c00000, 0x07820000)
  from space 5632K, 100% used [0x07da0000, 0x08320000, 0x08320000)
  to   space 5632K,   0% used [0x07820000, 0x07820000, 0x07da0000)
 tenured generation   total 112736K, used 88437K [0x0a150000, 0x10f68000, 0x14c00000)
   the space 112736K,  78% used [0x0a150000, 0x0f7ad658, 0x0f7ad800, 0x10f68000)
 Metaspace       used 15996K, capacity 16299K, committed 16384K, reserved 16768K
}
Event: 14.371 GC heap before
{Heap before GC invocations=26 (full 4):
 def new generation   total 50816K, used 50816K [0x04c00000, 0x08320000, 0x0a150000)
  eden space 45184K, 100% used [0x04c00000, 0x07820000, 0x07820000)
  from space 5632K, 100% used [0x07da0000, 0x08320000, 0x08320000)
  to   space 5632K,   0% used [0x07820000, 0x07820000, 0x07da0000)
 tenured generation   total 112736K, used 88437K [0x0a150000, 0x10f68000, 0x14c00000)
   the space 112736K,  78% used [0x0a150000, 0x0f7ad658, 0x0f7ad800, 0x10f68000)
 Metaspace       used 16348K, capacity 16703K, committed 16768K, reserved 16768K
Event: 14.383 GC heap after
Heap after GC invocations=27 (full 4):
 def new generation   total 50816K, used 1360K [0x04c00000, 0x08320000, 0x0a150000)
  eden space 45184K,   0% used [0x04c00000, 0x04c00000, 0x07820000)
  from space 5632K,  24% used [0x07820000, 0x07974108, 0x07da0000)
  to   space 5632K,   0% used [0x07da0000, 0x07da0000, 0x08320000)
 tenured generation   total 112736K, used 93940K [0x0a150000, 0x10f68000, 0x14c00000)
   the space 112736K,  83% used [0x0a150000, 0x0fd0d2e8, 0x0fd0d400, 0x10f68000)
 Metaspace       used 16348K, capacity 16703K, committed 16768K, reserved 16768K
}
Event: 897.864 GC heap before
{Heap before GC invocations=27 (full 4):
 def new generation   total 50816K, used 46544K [0x04c00000, 0x08320000, 0x0a150000)
  eden space 45184K, 100% used [0x04c00000, 0x07820000, 0x07820000)
  from space 5632K,  24% used [0x07820000, 0x07974108, 0x07da0000)
  to   space 5632K,   0% used [0x07da0000, 0x07da0000, 0x08320000)
 tenured generation   total 112736K, used 93940K [0x0a150000, 0x10f68000, 0x14c00000)
   the space 112736K,  83% used [0x0a150000, 0x0fd0d2e8, 0x0fd0d400, 0x10f68000)
 Metaspace       used 16502K, capacity 16806K, committed 16896K, reserved 17792K
Event: 897.874 GC heap after
Heap after GC invocations=28 (full 4):
 def new generation   total 50816K, used 2950K [0x04c00000, 0x08320000, 0x0a150000)
  eden space 45184K,   0% used [0x04c00000, 0x04c00000, 0x07820000)
  from space 5632K,  52% used [0x07da0000, 0x08081a50, 0x08320000)
  to   space 5632K,   0% used [0x07820000, 0x07820000, 0x07da0000)
 tenured generation   total 112736K, used 93940K [0x0a150000, 0x10f68000, 0x14c00000)
   the space 112736K,  83% used [0x0a150000, 0x0fd0d2e8, 0x0fd0d400, 0x10f68000)
 Metaspace       used 16502K, capacity 16806K, committed 16896K, reserved 17792K
}

Deoptimization events (0 events):
No events

Internal exceptions (10 events):
Event: 59.507 Thread 0x1686d000 Exception <a 'sun/nio/fs/WindowsException'> (0x059d4658) thrown at [C:\re\workspace\8-2-build-windows-i586-cygwin\jdk8u111\7883\hotspot\src\share\vm\prims\jni.cpp, line 709]
Event: 61.508 Thread 0x1686d000 Exception <a 'sun/nio/fs/WindowsException'> (0x059d6b38) thrown at [C:\re\workspace\8-2-build-windows-i586-cygwin\jdk8u111\7883\hotspot\src\share\vm\prims\jni.cpp, line 709]
Event: 61.508 Thread 0x1686d000 Exception <a 'sun/nio/fs/WindowsException'> (0x059d7628) thrown at [C:\re\workspace\8-2-build-windows-i586-cygwin\jdk8u111\7883\hotspot\src\share\vm\prims\jni.cpp, line 709]
Event: 63.508 Thread 0x1686d000 Exception <a 'sun/nio/fs/WindowsException'> (0x059e00f8) thrown at [C:\re\workspace\8-2-build-windows-i586-cygwin\jdk8u111\7883\hotspot\src\share\vm\prims\jni.cpp, line 709]
Event: 65.513 Thread 0x1686d000 Exception <a 'sun/nio/fs/WindowsException'> (0x059f9688) thrown at [C:\re\workspace\8-2-build-windows-i586-cygwin\jdk8u111\7883\hotspot\src\share\vm\prims\jni.cpp, line 709]
Event: 67.519 Thread 0x1686d000 Exception <a 'sun/nio/fs/WindowsException'> (0x05a27c60) thrown at [C:\re\workspace\8-2-build-windows-i586-cygwin\jdk8u111\7883\hotspot\src\share\vm\prims\jni.cpp, line 709]
Event: 69.520 Thread 0x1686d000 Exception <a 'sun/nio/fs/WindowsException'> (0x05a85188) thrown at [C:\re\workspace\8-2-build-windows-i586-cygwin\jdk8u111\7883\hotspot\src\share\vm\prims\jni.cpp, line 709]
Event: 71.522 Thread 0x1686d000 Exception <a 'sun/nio/fs/WindowsException'> (0x05ad8f08) thrown at [C:\re\workspace\8-2-build-windows-i586-cygwin\jdk8u111\7883\hotspot\src\share\vm\prims\jni.cpp, line 709]
Event: 73.523 Thread 0x1686d000 Exception <a 'sun/nio/fs/WindowsException'> (0x05b2cca8) thrown at [C:\re\workspace\8-2-build-windows-i586-cygwin\jdk8u111\7883\hotspot\src\share\vm\prims\jni.cpp, line 709]
Event: 1806.242 Thread 0x1686d000 Exception <a 'java/io/FileNotFoundException'> (0x0598c848) thrown at [C:\re\workspace\8-2-build-windows-i586-cygwin\jdk8u111\7883\hotspot\src\share\vm\prims\jni.cpp, line 709]

Events (10 events):
Event: 1806.251 Thread 0x150a4000 flushing nmethod 0x02d6adc8
Event: 1806.251 Thread 0x150a4000 flushing nmethod 0x02d6af88
Event: 1806.374 loading class hec/heclib/util/stringContainer
Event: 1806.375 loading class hec/heclib/util/stringContainer done
Event: 1806.375 Thread 0x1686d000 DEOPT PACKING pc=0x02cfc4bc sp=0x17dce9f0
Event: 1806.375 Thread 0x1686d000 DEOPT UNPACKING pc=0x02abc5db sp=0x17dce8a0 mode 1
Event: 1806.375 Thread 0x1686d000 DEOPT PACKING pc=0x02c9c7e8 sp=0x17dcea40
Event: 1806.375 Thread 0x1686d000 DEOPT UNPACKING pc=0x02abc5db sp=0x17dce960 mode 1
Event: 1806.375 Thread 0x1686d000 DEOPT PACKING pc=0x02c9c754 sp=0x17dceb20
Event: 1806.375 Thread 0x1686d000 DEOPT UNPACKING pc=0x02abc5db sp=0x17dcea40 mode 1


Dynamic libraries:
0x00f90000 - 0x00fc3000 	C:\Program Files (x86)\Java\jre1.8.0_111\bin\javaw.exe
0x77420000 - 0x775a2000 	C:\WINDOWS\SYSTEM32\ntdll.dll
0x75ae0000 - 0x75bc0000 	C:\WINDOWS\System32\KERNEL32.DLL
0x75d90000 - 0x75f31000 	C:\WINDOWS\System32\KERNELBASE.dll
0x76930000 - 0x769a7000 	C:\WINDOWS\System32\ADVAPI32.dll
0x76e20000 - 0x76ede000 	C:\WINDOWS\System32\msvcrt.dll
0x75d00000 - 0x75d41000 	C:\WINDOWS\System32\sechost.dll
0x765e0000 - 0x766a1000 	C:\WINDOWS\System32\RPCRT4.dll
0x73f60000 - 0x73f7e000 	C:\WINDOWS\System32\SspiCli.dll
0x73f50000 - 0x73f5a000 	C:\WINDOWS\System32\CRYPTBASE.dll
0x76dc0000 - 0x76e1a000 	C:\WINDOWS\System32\bcryptPrimitives.dll
0x76fe0000 - 0x7713f000 	C:\WINDOWS\System32\USER32.dll
0x764d0000 - 0x764e5000 	C:\WINDOWS\System32\win32u.dll
0x75ab0000 - 0x75adb000 	C:\WINDOWS\System32\GDI32.dll
0x772c0000 - 0x7741b000 	C:\WINDOWS\System32\gdi32full.dll
0x72ef0000 - 0x730fa000 	C:\WINDOWS\WinSxS\x86_microsoft.windows.common-controls_6595b64144ccf1df_6.0.14393.0_none_74bc87d3d22d9abe\COMCTL32.dll
0x74220000 - 0x74431000 	C:\WINDOWS\System32\combase.dll
0x76500000 - 0x765e0000 	C:\WINDOWS\System32\ucrtbase.dll
0x76900000 - 0x76925000 	C:\WINDOWS\System32\IMM32.DLL
0x630f0000 - 0x631af000 	C:\Program Files (x86)\Java\jre1.8.0_111\bin\msvcr100.dll
0x63d70000 - 0x6413d000 	C:\Program Files (x86)\Java\jre1.8.0_111\bin\client\jvm.dll
0x764c0000 - 0x764c6000 	C:\WINDOWS\System32\PSAPI.DLL
0x73c30000 - 0x73c54000 	C:\WINDOWS\SYSTEM32\WINMM.dll
0x73820000 - 0x73828000 	C:\WINDOWS\SYSTEM32\WSOCK32.dll
0x733d0000 - 0x733d8000 	C:\WINDOWS\SYSTEM32\VERSION.dll
0x744a0000 - 0x74503000 	C:\WINDOWS\System32\WS2_32.dll
0x01060000 - 0x01083000 	C:\WINDOWS\SYSTEM32\WINMMBASE.dll
0x75d50000 - 0x75d86000 	C:\WINDOWS\System32\cfgmgr32.dll
0x641b0000 - 0x641bc000 	C:\Program Files (x86)\Java\jre1.8.0_111\bin\verify.dll
0x63d40000 - 0x63d61000 	C:\Program Files (x86)\Java\jre1.8.0_111\bin\java.dll
0x630c0000 - 0x630e9000 	C:\Program Files (x86)\Java\jre1.8.0_111\bin\jdwp.dll
0x630b0000 - 0x630b7000 	C:\Program Files (x86)\Java\jre1.8.0_111\bin\npt.dll
0x63d20000 - 0x63d33000 	C:\Program Files (x86)\Java\jre1.8.0_111\bin\zip.dll
0x74530000 - 0x75907000 	C:\WINDOWS\System32\SHELL32.dll
0x75f40000 - 0x764ae000 	C:\WINDOWS\System32\windows.storage.dll
0x766b0000 - 0x766f5000 	C:\WINDOWS\System32\powrprof.dll
0x76850000 - 0x76896000 	C:\WINDOWS\System32\shlwapi.dll
0x764b0000 - 0x764bd000 	C:\WINDOWS\System32\kernel.appcore.dll
0x73f80000 - 0x74008000 	C:\WINDOWS\System32\shcore.dll
0x764f0000 - 0x764ff000 	C:\WINDOWS\System32\profapi.dll
0x630a0000 - 0x630a8000 	C:\Program Files (x86)\Java\jre1.8.0_111\bin\dt_socket.dll
0x63cd0000 - 0x63ce2000 	C:\WINDOWS\system32\napinsp.dll
0x63cb0000 - 0x63cc6000 	C:\WINDOWS\system32\pnrpnsp.dll
0x63c90000 - 0x63ca4000 	C:\WINDOWS\system32\NLAapi.dll
0x721e0000 - 0x7222e000 	C:\WINDOWS\System32\mswsock.dll
0x733e0000 - 0x7345c000 	C:\WINDOWS\SYSTEM32\DNSAPI.dll
0x75aa0000 - 0x75aa7000 	C:\WINDOWS\System32\NSI.dll
0x73a60000 - 0x73a8f000 	C:\WINDOWS\SYSTEM32\IPHLPAPI.DLL
0x63c80000 - 0x63c8c000 	C:\WINDOWS\System32\winrnr.dll
0x63c60000 - 0x63c71000 	C:\WINDOWS\System32\wshbth.dll
0x72170000 - 0x721b9000 	C:\WINDOWS\System32\fwpuclnt.dll
0x73c10000 - 0x73c2b000 	C:\WINDOWS\SYSTEM32\bcrypt.dll
0x721c0000 - 0x721c8000 	C:\Windows\System32\rasadhlp.dll
0x63d00000 - 0x63d16000 	C:\Program Files (x86)\Java\jre1.8.0_111\bin\net.dll
0x63cf0000 - 0x63cff000 	C:\Program Files (x86)\Java\jre1.8.0_111\bin\nio.dll
0x62f40000 - 0x63086000 	C:\Program Files (x86)\Java\jre1.8.0_111\bin\awt.dll
0x76ee0000 - 0x76f73000 	C:\WINDOWS\System32\OLEAUT32.dll
0x6d6d0000 - 0x6d762000 	C:\WINDOWS\SYSTEM32\apphelp.dll
0x73a90000 - 0x73aaf000 	C:\WINDOWS\system32\DWMAPI.DLL
0x73b60000 - 0x73bd5000 	C:\WINDOWS\system32\uxtheme.dll
0x76700000 - 0x76836000 	C:\WINDOWS\System32\MSCTF.dll
0x73620000 - 0x7369b000 	C:\Program Files (x86)\Common Files\Microsoft Shared\Ink\tiptsf.dll
0x77140000 - 0x7722a000 	C:\WINDOWS\System32\ole32.dll
0x62f00000 - 0x62f39000 	C:\Program Files (x86)\Java\jre1.8.0_111\bin\fontmanager.dll
0x62ec0000 - 0x62ef2000 	C:\Program Files (x86)\Java\jre1.8.0_111\bin\t2k.dll
0x62e90000 - 0x62eb6000 	C:\Program Files (x86)\Java\jre1.8.0_111\bin\jpeg.dll
0x73ea0000 - 0x73f34000 	C:\WINDOWS\WinSxS\x86_microsoft.windows.common-controls_6595b64144ccf1df_5.82.14393.0_none_88fef4c26039fb25\comctl32.dll
0x77230000 - 0x772b4000 	C:\WINDOWS\System32\clbcatq.dll
0x71b10000 - 0x71c5f000 	C:\WINDOWS\SYSTEM32\PROPSYS.dll
0x62d00000 - 0x62e85000 	C:\Windows\System32\ActXPrxy.dll
0x63620000 - 0x63744000 	C:\WINDOWS\system32\NetworkExplorer.dll
0x708b0000 - 0x708c6000 	C:\WINDOWS\SYSTEM32\MPR.dll
0x63610000 - 0x63619000 	C:\WINDOWS\System32\drprov.dll
0x635c0000 - 0x63603000 	C:\WINDOWS\System32\WINSTA.dll
0x635a0000 - 0x635b2000 	C:\WINDOWS\System32\ntlanman.dll
0x63580000 - 0x6359a000 	C:\WINDOWS\System32\davclnt.dll
0x63570000 - 0x6357b000 	C:\WINDOWS\System32\DAVHLPR.dll
0x717b0000 - 0x717c0000 	C:\WINDOWS\System32\wkscli.dll
0x6dcc0000 - 0x6dccf000 	C:\WINDOWS\SYSTEM32\cscapi.dll
0x717c0000 - 0x717cb000 	C:\WINDOWS\System32\netutils.dll
0x62cb0000 - 0x62cf2000 	C:\Windows\System32\dlnashext.dll
0x62c30000 - 0x62c4b000 	C:\Windows\System32\DevDispItemProvider.dll
0x6ceb0000 - 0x6ced2000 	C:\WINDOWS\System32\DEVOBJ.dll
0x631b0000 - 0x6339f000 	C:\WINDOWS\system32\wpdshext.dll
0x73cc0000 - 0x73e29000 	C:\WINDOWS\WinSxS\x86_microsoft.windows.gdiplus_6595b64144ccf1df_1.1.14393.0_none_f483f6f1e5c5b6e6\gdiplus.dll
0x62ba0000 - 0x62c23000 	C:\Windows\System32\PortableDeviceApi.dll
0x769b0000 - 0x76dbb000 	C:\WINDOWS\System32\SETUPAPI.dll
0x75cb0000 - 0x75cf3000 	C:\WINDOWS\System32\WINTRUST.dll
0x76840000 - 0x7684e000 	C:\WINDOWS\System32\MSASN1.dll
0x75910000 - 0x75a8d000 	C:\WINDOWS\System32\CRYPT32.dll
0x62b70000 - 0x62b99000 	C:\Windows\System32\PortableDeviceTypes.dll
0x62b20000 - 0x62b62000 	C:\WINDOWS\system32\audiodev.dll
0x628f0000 - 0x62b14000 	C:\WINDOWS\system32\WMVCore.DLL
0x628a0000 - 0x628e4000 	C:\WINDOWS\system32\WMASF.DLL
0x6ddc0000 - 0x6dec9000 	C:\WINDOWS\system32\mfperfhelper.dll
0x6e360000 - 0x6e472000 	C:\WINDOWS\SYSTEM32\MFPlat.DLL
0x6e330000 - 0x6e35a000 	C:\WINDOWS\SYSTEM32\RTWorkQ.DLL
0x63c20000 - 0x63c2d000 	C:\WINDOWS\SYSTEM32\LINKINFO.dll
0x6cf40000 - 0x6d0ae000 	C:\WINDOWS\SYSTEM32\WindowsCodecs.dll
0x68d90000 - 0x68dd4000 	C:\WINDOWS\system32\dataexchange.dll
0x68c70000 - 0x68d83000 	C:\WINDOWS\system32\dcomp.dll
0x6a160000 - 0x6a390000 	C:\WINDOWS\system32\d3d11.dll
0x6a390000 - 0x6a414000 	C:\WINDOWS\system32\dxgi.dll
0x6d960000 - 0x6da51000 	C:\WINDOWS\system32\twinapi.appcore.dll
0x6db60000 - 0x6dcb2000 	C:\Windows\System32\uiautomationcore.dll
0x733b0000 - 0x733ca000 	C:\Windows\System32\USERENV.dll
0x6dad0000 - 0x6db51000 	C:\WINDOWS\SYSTEM32\sxs.dll
0x73c60000 - 0x73cb4000 	C:\Windows\System32\OLEACC.dll
0x6da60000 - 0x6dacc000 	C:\WINDOWS\SYSTEM32\twinapi.dll
0x62870000 - 0x62894000 	C:\Program Files (x86)\Java\jre1.8.0_111\bin\dcpr.dll
0x73880000 - 0x73893000 	C:\WINDOWS\SYSTEM32\CRYPTSP.dll
0x73850000 - 0x7387f000 	C:\WINDOWS\system32\rsaenh.dll
0x70070000 - 0x70083000 	C:\WINDOWS\SYSTEM32\dhcpcsvc6.DLL
0x738a0000 - 0x738b4000 	C:\WINDOWS\SYSTEM32\dhcpcsvc.DLL
0x16f60000 - 0x17463000 	C:\Users\tslawecki.LIMNO\git\CalLiteGUI_P3\CalLiteGUI_P3\javaHeclib.dll
0x74510000 - 0x74529000 	C:\WINDOWS\System32\imagehlp.dll
0x71890000 - 0x719d5000 	C:\WINDOWS\SYSTEM32\dbghelp.dll

VM Arguments:
jvm_args: -agentlib:jdwp=transport=dt_socket,suspend=y,address=localhost:50087 -Dfile.encoding=Cp1252 
java_command: gov.ca.water.calgui.CalLiteGUI
java_class_path (initial): C:\Users\tslawecki.LIMNO\git\CalLiteGUI_P3\CalLiteGUI_P3\bin;C:\Users\tslawecki.LIMNO\git\CalLiteGUI_P3\CalLiteGUI_P3\docs;C:\Users\tslawecki.LIMNO\git\CalLiteGUI_P3\CalLiteGUI_P3\lib\jh.jar;C:\Users\tslawecki.LIMNO\git\CalLiteGUI_P3\CalLiteGUI_P3\lib\javax.mail.jar;C:\Users\tslawecki.LIMNO\git\CalLiteGUI_P3\CalLiteGUI_P3\lib\batik-anim.jar;C:\Users\tslawecki.LIMNO\git\CalLiteGUI_P3\CalLiteGUI_P3\lib\batik-awt-util.jar;C:\Users\tslawecki.LIMNO\git\CalLiteGUI_P3\CalLiteGUI_P3\lib\batik-bridge.jar;C:\Users\tslawecki.LIMNO\git\CalLiteGUI_P3\CalLiteGUI_P3\lib\batik-codec.jar;C:\Users\tslawecki.LIMNO\git\CalLiteGUI_P3\CalLiteGUI_P3\lib\batik-css.jar;C:\Users\tslawecki.LIMNO\git\CalLiteGUI_P3\CalLiteGUI_P3\lib\batik-dom.jar;C:\Users\tslawecki.LIMNO\git\CalLiteGUI_P3\CalLiteGUI_P3\lib\batik-ext.jar;C:\Users\tslawecki.LIMNO\git\CalLiteGUI_P3\CalLiteGUI_P3\lib\batik-extension.jar;C:\Users\tslawecki.LIMNO\git\CalLiteGUI_P3\CalLiteGUI_P3\lib\batik-gui-util.jar;C:\Users\tslawecki.LIMNO\git\CalLiteGUI_P3\CalLiteGUI_P3\lib\batik-gvt.jar;C:\Users\tslawecki.LIMNO\git\CalLiteGUI_P3\CalLiteGUI_P3\lib\batik-parser.jar;C:\Users\tslawecki.LIMNO\git\CalLiteGUI_P3\CalLiteGUI_P3\lib\batik-script.jar;C:\Users\tslawecki.LIMNO\git\CalLiteGUI_P3\CalLiteGUI_P3\lib\batik-svg-dom.jar;C:\Users\tslawecki.LIMNO\git\CalLiteGUI_P3\CalLiteGUI_P3\lib\batik-svggen.jar;C:\Users\tslawecki.LIMNO\git\CalLiteGUI_P3\CalLiteGUI_P3\lib\batik-swing.jar;C:\Users\tslawecki.LIMNO\git\CalLiteGUI_P3\CalLiteGUI_P3\lib\batik-transcoder.jar;C:\Users\tslawecki.LIMNO\git\CalLiteGUI_P3\CalLiteGUI_P3\lib\batik-util.jar;C:\Users\tslawecki.LIMNO\git\CalLiteGUI_P3\CalLiteGUI_P3\lib\batik-xml.jar;C:\Users\tslawecki.LIMNO\git\CalLiteGUI_P3\CalLiteGUI_P3\lib;C:\Users\tslawecki.LIMNO\git\CalLiteGUI_P3\CalLiteGUI_P3\lib\calsim.gui.jar;C:\Users\tslawecki.LIMNO\git\CalLiteGUI_P3\CalLiteGUI_P3\lib\commons-io-2.1.jar;C:\Users\tslawecki.LIMNO\git\CalLiteGUI_P3\CalLiteGUI_P3\lib\commons-io-2.4.jar;C:\Users\tsl
Launcher Type: SUN_STANDARD

Environment Variables:
PATH=C:/Program Files (x86)/Java/jre1.8.0_111/bin/client;C:/Program Files (x86)/Java/jre1.8.0_111/bin;C:/Program Files (x86)/Java/jre1.8.0_111/lib/i386;C:\ProgramData\Oracle\Java\javapath;C:\WINDOWS\system32;C:\WINDOWS;C:\WINDOWS\System32\Wbem;C:\WINDOWS\System32\WindowsPowerShell\v1.0\;C:\Program Files\Git\cmd;C:\Users\tslawecki.LIMNO\Downloads\esf\Anaconda;C:\Users\tslawecki.LIMNO\Downloads\esf\Anaconda\Scripts;C:\Users\tslawecki.LIMNO\Downloads\esf\Anaconda\Library\bin;C:\Users\tslawecki.LIMNO\AppData\Local\Microsoft\WindowsApps;;C:\Users\tslawecki.LIMNO\eclipse-old;
USERNAME=tslawecki
OS=Windows_NT
PROCESSOR_IDENTIFIER=Intel64 Family 6 Model 69 Stepping 1, GenuineIntel



---------------  S Y S T E M  ---------------

OS: Windows 10.0 , 64 bit Build 14393 (10.0.14393.0)

CPU:total 4 (2 cores per cpu, 2 threads per core) family 6 model 69 stepping 1, cmov, cx8, fxsr, mmx, sse, sse2, sse3, ssse3, sse4.1, sse4.2, popcnt, avx, avx2, aes, clmul, erms, lzcnt, ht, tsc, tscinvbit, bmi1, bmi2

Memory: 4k page, physical 8291400k(4563188k free), swap 10323016k(5870876k free)

vm_info: Java HotSpot(TM) Client VM (25.111-b14) for windows-x86 JRE (1.8.0_111-b14), built on Sep 22 2016 18:54:33 by "java_re" with MS VC++ 10.0 (VS2010)

time: Tue Feb 21 11:18:52 2017
elapsed time: 1806 seconds (0d 0h 30m 6s)

